info it worked if it ends with ok
verbose cli [ 'node', '/usr/bin/npm', 'install', 'hercules' ]
info using npm@1.1.0-2
info using node@v0.7.0
verbose config file /root/.npmrc
verbose config file /usr/etc/npmrc
verbose config file /usr/lib/node_modules/npm/npmrc
verbose caching /home/bob/Dropbox/workspace/arch-dev/engineer-thesis/package.json
verbose loadDefaults wsti-2012-et@0.0.1
WARN eventemitter2@0.4.1 package.json: 'contributers' should probably be 'contributors'
verbose caching /home/bob/Dropbox/workspace/arch-dev/engineer-thesis/node_modules/eventemitter2/package.json
verbose loadDefaults eventemitter2@0.4.1
verbose caching /home/bob/Dropbox/workspace/arch-dev/engineer-thesis/node_modules/sugar/package.json
verbose loadDefaults sugar@1.1.3
verbose caching /home/bob/Dropbox/workspace/arch-dev/engineer-thesis/node_modules/mocha/package.json
verbose loadDefaults mocha@0.3.6
verbose caching /home/bob/Dropbox/workspace/arch-dev/engineer-thesis/node_modules/clone/package.json
verbose loadDefaults clone@0.0.4
verbose caching /home/bob/Dropbox/workspace/arch-dev/engineer-thesis/node_modules/dnode/package.json
verbose loadDefaults dnode@0.9.3
verbose caching /home/bob/Dropbox/workspace/arch-dev/engineer-thesis/node_modules/request/package.json
verbose loadDefaults request@2.9.3
WARN flow@0.2.2 dependencies field should be hash of <name>:<version-range> pairs
verbose caching /home/bob/Dropbox/workspace/arch-dev/engineer-thesis/node_modules/flow/package.json
verbose loadDefaults flow@0.2.2
verbose caching /home/bob/Dropbox/workspace/arch-dev/engineer-thesis/node_modules/JSONSelect/package.json
verbose loadDefaults JSONSelect@0.4.0
verbose caching /home/bob/Dropbox/workspace/arch-dev/engineer-thesis/node_modules/connect/package.json
verbose loadDefaults connect@1.8.5
WARN websocket-server@1.4.04 package.json: bugs['web'] should probably be bugs['url']
verbose caching /home/bob/Dropbox/workspace/arch-dev/engineer-thesis/node_modules/websocket-server/package.json
verbose loadDefaults websocket-server@1.4.04
verbose caching /home/bob/Dropbox/workspace/arch-dev/engineer-thesis/node_modules/browserbuild/package.json
verbose loadDefaults browserbuild@0.3.0
verbose caching /home/bob/Dropbox/workspace/arch-dev/engineer-thesis/node_modules/eventemitter2async/package.json
verbose loadDefaults eventemitter2async@0.4.2
verbose caching /home/bob/Dropbox/workspace/arch-dev/engineer-thesis/node_modules/jsprops/package.json
verbose loadDefaults Properties@0.1.0
verbose caching /home/bob/Dropbox/workspace/arch-dev/engineer-thesis/node_modules/should/package.json
verbose loadDefaults should@0.3.2
verbose caching /home/bob/Dropbox/workspace/arch-dev/engineer-thesis/node_modules/contracts.js/package.json
verbose loadDefaults contracts.js@0.2.1
verbose caching /home/bob/Dropbox/workspace/arch-dev/engineer-thesis/node_modules/contracts.coffee/package.json
verbose loadDefaults contracts.coffee@0.2.0
WARN underscore@1.2.3 dependencies field should be hash of <name>:<version-range> pairs
verbose caching /home/bob/Dropbox/workspace/arch-dev/engineer-thesis/node_modules/underscore/package.json
verbose loadDefaults underscore@1.2.3
verbose caching /home/bob/Dropbox/workspace/arch-dev/engineer-thesis/node_modules/websocket-client/package.json
verbose loadDefaults websocket-client@1.0.0
verbose caching /home/bob/Dropbox/workspace/arch-dev/engineer-thesis/node_modules/sinon/package.json
verbose loadDefaults sinon@1.3.1
verbose from cache /home/bob/Dropbox/workspace/arch-dev/engineer-thesis/package.json
verbose cache add [ 'hercules', null ]
silly cache add: name, spec, args [ undefined, 'hercules', [ 'hercules', null ] ]
verbose parsed url { pathname: 'hercules', path: 'hercules', href: 'hercules' }
verbose addNamed [ 'hercules', '' ]
verbose addNamed [ null, '' ]
silly name, range, hasData [ 'hercules', '', false ]
verbose raw, before any munging hercules
verbose url resolving [ 'https://registry.npmjs.org/', './hercules' ]
verbose url resolved https://registry.npmjs.org/hercules
http GET https://registry.npmjs.org/hercules
http 200 https://registry.npmjs.org/hercules
silly get cb [ 200,
silly get cb   { vary: 'Accept',
silly get cb     server: 'CouchDB/1.1.0 (Erlang OTP/R14B04)',
silly get cb     etag: '"BK0UEP3ICDM9M9EH7L8ZQL8XW"',
silly get cb     date: 'Sat, 25 Feb 2012 15:29:47 GMT',
silly get cb     'content-type': 'application/json',
silly get cb     'content-length': '4185' } ]
verbose mkdir (expected) error ENOENT, no such file or directory '/root/.npm/hercules'
verbose mkdir done: /root/.npm/hercules 755
silly name, range, hasData 2 [ 'hercules', '', true ]
silly versions [ 'hercules', [] ]
ERR! Error: No compatible version found: hercules
ERR! No valid targets found.
ERR! Perhaps not compatible with your version of node?
ERR!     at installTargetsError (/usr/lib/node_modules/npm/lib/cache.js:488:10)
ERR!     at next_ (/usr/lib/node_modules/npm/lib/cache.js:438:17)
ERR!     at next (/usr/lib/node_modules/npm/lib/cache.js:415:44)
ERR!     at /usr/lib/node_modules/npm/lib/cache.js:408:5
ERR!     at Object.saved [as oncomplete] (/usr/lib/node_modules/npm/lib/utils/npm-registry-client/get.js:147:7)
ERR! You may report this log at:
ERR!     <http://github.com/isaacs/npm/issues>
ERR! or email it to:
ERR!     <npm-@googlegroups.com>
ERR! 
ERR! System Linux 3.2.5-1-ARCH
ERR! command "node" "/usr/bin/npm" "install" "hercules"
ERR! cwd /home/bob/Dropbox/workspace/arch-dev/engineer-thesis/prototypes/contracts
ERR! node -v v0.7.0
ERR! npm -v 1.1.0-2
ERR! message No compatible version found: hercules
ERR! message No valid targets found.
ERR! message Perhaps not compatible with your version of node?
verbose exit [ 1, true ]
